<?xml version="1.0" encoding="UTF-8"?>
<testng-results ignored="0" total="1" passed="1" failed="0" skipped="0">
  <reporter-output>
  </reporter-output>
  <suite started-at="2024-08-17T20:51:28 IST" name="Default suite" finished-at="2024-08-17T20:51:50 IST" duration-ms="21621">
    <groups>
    </groups>
    <test started-at="2024-08-17T20:51:28 IST" name="Default test" finished-at="2024-08-17T20:51:50 IST" duration-ms="21621">
      <class name="base.Driverinitilization">
        <test-method signature="driverSetup()[pri:0, instance:base.Driverinitilization@36c88a32]" started-at="2024-08-17T20:51:28 IST" name="driverSetup" finished-at="2024-08-17T20:51:50 IST" duration-ms="21543" status="PASS">
          <reporter-output>
          </reporter-output>
        </test-method> <!-- driverSetup -->
      </class> <!-- base.Driverinitilization -->
    </test> <!-- Default test -->
  </suite> <!-- Default suite -->
</testng-results>
